<?xml version="1.0" encoding="UTF-8"?>
<!-- Generated by org.testng.reporters.JUnitXMLReporter -->
<testsuite ignored="0" hostname="LAPTOP-65ID085J" failures="0" tests="4" name="Default test" time="101.209" errors="0" timestamp="2021-01-05T11:33:11 IST">
  <testcase classname="com.tests.NewCustomerPageTest" name="headercheck" time="0.055"/>
  <testcase classname="com.tests.NewCustomerPageTest" name="radiobtncheck" time="0.121"/>
  <testcase classname="com.tests.NewCustomerPageTest" name="addnewcustomercheck" time="1.144"/>
  <testcase classname="com.tests.NewCustomerPageTest" name="addnewcustomercheck" time="0.83"/>
</testsuite> <!-- Default test -->
